drizzle.config.ts(1,30): error TS2307: Cannot find module 'drizzle-kit' or its corresponding type declarations.
drizzle.config.ts(3,6): error TS2580: Cannot find name 'process'. Do you need to install type definitions for node? Try `npm i --save-dev @types/node`.
drizzle.config.ts(12,10): error TS2580: Cannot find name 'process'. Do you need to install type definitions for node? Try `npm i --save-dev @types/node`.
orchestrator.ts(2,16): error TS2307: Cannot find module 'fs' or its corresponding type declarations.
orchestrator.ts(3,18): error TS2307: Cannot find module 'path' or its corresponding type declarations.
orchestrator.ts(4,31): error TS2307: Cannot find module 'url' or its corresponding type declarations.
server/annotator.ts(1,20): error TS2307: Cannot find module 'openai' or its corresponding type declarations.
server/annotator.ts(11,8): error TS2580: Cannot find name 'process'. Do you need to install type definitions for node? Try `npm i --save-dev @types/node`.
server/annotator.ts(16,13): error TS2580: Cannot find name 'process'. Do you need to install type definitions for node? Try `npm i --save-dev @types/node`.
server/annotator.ts(39,12): error TS7006: Parameter 'line' implicitly has an 'any' type.
server/annotator.ts(40,15): error TS7006: Parameter 'line' implicitly has an 'any' type.
server/annotator.ts(41,12): error TS7006: Parameter 'line' implicitly has an 'any' type.
server/annotator.ts(42,15): error TS7006: Parameter 'line' implicitly has an 'any' type.
server/annotator.ts(48,11): error TS18046: 'error' is of type 'unknown'.
server/annotator.ts(50,18): error TS18046: 'error' is of type 'unknown'.
server/annotator.ts(53,44): error TS18046: 'error' is of type 'unknown'.
server/annotator.ts(65,8): error TS2580: Cannot find name 'process'. Do you need to install type definitions for node? Try `npm i --save-dev @types/node`.
server/annotator.ts(70,13): error TS2580: Cannot find name 'process'. Do you need to install type definitions for node? Try `npm i --save-dev @types/node`.
server/annotator.ts(125,11): error TS18046: 'error' is of type 'unknown'.
server/annotator.ts(127,18): error TS18046: 'error' is of type 'unknown'.
server/annotator.ts(129,18): error TS18046: 'error' is of type 'unknown'.
server/annotator.ts(132,44): error TS18046: 'error' is of type 'unknown'.
server/index.ts(1,63): error TS2307: Cannot find module 'express' or its corresponding type declarations.
server/index.ts(2,18): error TS2307: Cannot find module 'cors' or its corresponding type declarations.
server/index.ts(19,10): error TS7006: Parameter 'req' implicitly has an 'any' type.
server/index.ts(19,15): error TS7006: Parameter 'res' implicitly has an 'any' type.
server/index.ts(19,20): error TS7006: Parameter 'next' implicitly has an 'any' type.
server/index.ts(25,24): error TS7006: Parameter 'bodyJson' implicitly has an 'any' type.
server/index.ts(25,34): error TS7019: Rest parameter 'args' implicitly has an 'any[]' type.
server/index.ts(61,5): error TS2580: Cannot find name 'process'. Do you need to install type definitions for node? Try `npm i --save-dev @types/node`.
server/index.ts(63,3): error TS2580: Cannot find name 'process'. Do you need to install type definitions for node? Try `npm i --save-dev @types/node`.
server/routes.ts(1,39): error TS2307: Cannot find module 'express' or its corresponding type declarations.
server/routes.ts(2,43): error TS2307: Cannot find module 'http' or its corresponding type declarations.
server/routes.ts(6,19): error TS2307: Cannot find module 'axios' or its corresponding type declarations.
server/routes.ts(7,29): error TS2307: Cannot find module 'livekit-server-sdk' or its corresponding type declarations.
server/routes.ts(8,28): error TS2307: Cannot find module 'crypto' or its corresponding type declarations.
server/routes.ts(12,17): error TS7006: Parameter 'req' implicitly has an 'any' type.
server/routes.ts(12,22): error TS7006: Parameter 'res' implicitly has an 'any' type.
server/routes.ts(76,23): error TS7006: Parameter 'req' implicitly has an 'any' type.
server/routes.ts(76,28): error TS7006: Parameter 'res' implicitly has an 'any' type.
server/routes.ts(85,27): error TS7006: Parameter 'req' implicitly has an 'any' type.
server/routes.ts(85,32): error TS7006: Parameter 'res' implicitly has an 'any' type.
server/routes.ts(94,32): error TS7006: Parameter 'req' implicitly has an 'any' type.
server/routes.ts(94,37): error TS7006: Parameter 'res' implicitly has an 'any' type.
server/routes.ts(104,33): error TS7006: Parameter 'req' implicitly has an 'any' type.
server/routes.ts(104,38): error TS7006: Parameter 'res' implicitly has an 'any' type.
server/routes.ts(113,37): error TS7006: Parameter 'req' implicitly has an 'any' type.
server/routes.ts(113,42): error TS7006: Parameter 'res' implicitly has an 'any' type.
server/routes.ts(126,39): error TS7006: Parameter 'req' implicitly has an 'any' type.
server/routes.ts(126,44): error TS7006: Parameter 'res' implicitly has an 'any' type.
server/routes.ts(141,33): error TS7006: Parameter 'req' implicitly has an 'any' type.
server/routes.ts(141,38): error TS7006: Parameter 'res' implicitly has an 'any' type.
server/routes.ts(151,39): error TS7006: Parameter 'req' implicitly has an 'any' type.
server/routes.ts(151,44): error TS7006: Parameter 'res' implicitly has an 'any' type.
server/routes.ts(161,35): error TS7006: Parameter 'req' implicitly has an 'any' type.
server/routes.ts(161,40): error TS7006: Parameter 'res' implicitly has an 'any' type.
server/routes.ts(171,37): error TS7006: Parameter 'req' implicitly has an 'any' type.
server/routes.ts(171,42): error TS7006: Parameter 'res' implicitly has an 'any' type.
server/routes.ts(182,36): error TS7006: Parameter 'req' implicitly has an 'any' type.
server/routes.ts(182,41): error TS7006: Parameter 'res' implicitly has an 'any' type.
server/routes.ts(192,43): error TS7006: Parameter 'req' implicitly has an 'any' type.
server/routes.ts(192,48): error TS7006: Parameter 'res' implicitly has an 'any' type.
server/routes.ts(213,36): error TS7006: Parameter 'req' implicitly has an 'any' type.
server/routes.ts(213,41): error TS7006: Parameter 'res' implicitly has an 'any' type.
server/routes.ts(278,38): error TS7006: Parameter 'req' implicitly has an 'any' type.
server/routes.ts(278,43): error TS7006: Parameter 'res' implicitly has an 'any' type.
server/routes.ts(289,47): error TS7006: Parameter 'req' implicitly has an 'any' type.
server/routes.ts(289,52): error TS7006: Parameter 'res' implicitly has an 'any' type.
server/routes.ts(299,12): error TS2580: Cannot find name 'process'. Do you need to install type definitions for node? Try `npm i --save-dev @types/node`.
server/routes.ts(306,48): error TS2307: Cannot find module 'stripe' or its corresponding type declarations.
server/routes.ts(307,33): error TS2580: Cannot find name 'process'. Do you need to install type definitions for node? Try `npm i --save-dev @types/node`.
server/routes.ts(322,25): error TS2580: Cannot find name 'process'. Do you need to install type definitions for node? Try `npm i --save-dev @types/node`.
server/routes.ts(323,24): error TS2580: Cannot find name 'process'. Do you need to install type definitions for node? Try `npm i --save-dev @types/node`.
server/routes.ts(337,83): error TS7006: Parameter 'req' implicitly has an 'any' type.
server/routes.ts(337,88): error TS7006: Parameter 'res' implicitly has an 'any' type.
server/routes.ts(339,28): error TS2580: Cannot find name 'process'. Do you need to install type definitions for node? Try `npm i --save-dev @types/node`.
server/routes.ts(349,48): error TS2307: Cannot find module 'stripe' or its corresponding type declarations.
server/routes.ts(350,33): error TS2580: Cannot find name 'process'. Do you need to install type definitions for node? Try `npm i --save-dev @types/node`.
server/routes.ts(381,43): error TS7006: Parameter 'req' implicitly has an 'any' type.
server/routes.ts(381,48): error TS7006: Parameter 'res' implicitly has an 'any' type.
server/routes.ts(386,7): error TS2580: Cannot find name 'process'. Do you need to install type definitions for node? Try `npm i --save-dev @types/node`.
server/routes.ts(387,7): error TS2580: Cannot find name 'process'. Do you need to install type definitions for node? Try `npm i --save-dev @types/node`.
server/routes.ts(395,57): error TS7006: Parameter 'req' implicitly has an 'any' type.
server/routes.ts(395,62): error TS7006: Parameter 'res' implicitly has an 'any' type.
server/routes.ts(401,20): error TS2580: Cannot find name 'process'. Do you need to install type definitions for node? Try `npm i --save-dev @types/node`.
server/routes.ts(402,23): error TS2580: Cannot find name 'process'. Do you need to install type definitions for node? Try `npm i --save-dev @types/node`.
server/routes.ts(403,17): error TS2580: Cannot find name 'process'. Do you need to install type definitions for node? Try `npm i --save-dev @types/node`.
server/routes.ts(436,36): error TS7006: Parameter 'req' implicitly has an 'any' type.
server/routes.ts(436,41): error TS7006: Parameter 'res' implicitly has an 'any' type.
server/routes.ts(451,25): error TS2580: Cannot find name 'process'. Do you need to install type definitions for node? Try `npm i --save-dev @types/node`.
shared/schema.ts(1,75): error TS2307: Cannot find module 'drizzle-orm/pg-core' or its corresponding type declarations.
shared/schema.ts(2,36): error TS2307: Cannot find module 'drizzle-zod' or its corresponding type declarations.
shared/schema.ts(3,19): error TS2307: Cannot find module 'zod' or its corresponding type declarations.
vite.config.ts(1,30): error TS2307: Cannot find module 'vite' or its corresponding type declarations.
vite.config.ts(2,19): error TS2307: Cannot find module '@vitejs/plugin-react' or its corresponding type declarations.
vite.config.ts(3,18): error TS2307: Cannot find module 'path' or its corresponding type declarations.
vite.config.ts(4,33): error TS2307: Cannot find module '@replit/vite-plugin-runtime-error-modal' or its corresponding type declarations.
vite.config.ts(7,34): error TS2339: Property 'dirname' does not exist on type 'ImportMeta'.
vite.config.ts(8,39): error TS2339: Property 'dirname' does not exist on type 'ImportMeta'.
vite.config.ts(13,9): error TS2580: Cannot find name 'process'. Do you need to install type definitions for node? Try `npm i --save-dev @types/node`.
vite.config.ts(14,5): error TS2580: Cannot find name 'process'. Do you need to install type definitions for node? Try `npm i --save-dev @types/node`.
vite.config.ts(16,24): error TS2307: Cannot find module '@replit/vite-plugin-cartographer' or its corresponding type declarations.
vite.config.ts(24,37): error TS2339: Property 'dirname' does not exist on type 'ImportMeta'.
vite.config.ts(25,43): error TS2339: Property 'dirname' does not exist on type 'ImportMeta'.
vite.config.ts(26,43): error TS2339: Property 'dirname' does not exist on type 'ImportMeta'.
vite.config.ts(30,38): error TS2339: Property 'dirname' does not exist on type 'ImportMeta'.
